2026-03-20 20:00:11,522 - INFO - ============================================================
2026-03-20 20:00:11,529 - INFO -   Input  (Silver): abfss://naveen@loanefficiency.dfs.core.windows.net/silver/
2026-03-20 20:00:11,529 - INFO -   Output (Gold)  : abfss://naveen@loanefficiency.dfs.core.windows.net/gold/
2026-03-20 20:00:11,529 - INFO - ============================================================
2026-03-20 20:00:11,529 - INFO - [1/6] Reading Silver layer Parquet...
2026-03-20 20:00:17,964 - INFO -   Loaded 1,048,295 records from Silver layer.
2026-03-20 20:00:17,966 - INFO - [2/6] Building dimension tables...
2026-03-20 20:00:17,967 - INFO - Building dim_country...
2026-03-20 20:00:19,816 - INFO - dim_country: 144 rows
2026-03-20 20:00:19,817 - INFO - Building dim_project...
2026-03-20 20:00:21,104 - INFO -   dim_project: 5,643 rows
2026-03-20 20:00:21,105 - INFO - Building dim_loan_type...
2026-03-20 20:00:22,144 - INFO -   dim_loan_type: 83 rows
2026-03-20 20:00:22,144 - INFO - Building dim_borrower...
2026-03-20 20:00:22,987 - INFO -   dim_borrower: 1,068 rows
2026-03-20 20:00:22,987 - INFO - [3/6] Building fact_loans table...
2026-03-20 20:00:22,988 - INFO - Building fact_loans...
2026-03-20 20:00:25,695 - INFO -   fact_loans: 1,048,295 rows, 24 columns
2026-03-20 20:00:25,695 - INFO - [4/6] Writing dimension tables to Gold layer...
2026-03-20 20:00:42,165 - INFO - [5/6] Writing fact table to Gold layer...
2026-03-20 20:00:57,633 - INFO - [6/6] Star Schema Summary:
2026-03-20 20:00:58,241 - INFO -   dim_country   : 144 rows
2026-03-20 20:00:59,173 - INFO -   dim_project   : 5,643 rows
2026-03-20 20:00:59,876 - INFO -   dim_loan_type : 83 rows
2026-03-20 20:01:00,512 - INFO -   dim_borrower  : 1,068 rows
2026-03-20 20:01:02,428 - INFO -   fact_loans    : 1,048,295 rows
2026-03-20 20:01:02,429 - INFO - ============================================================
2026-03-20 20:01:02,432 - INFO - ============================================================
